2: ()
16: ((((())))(())())
62: ((((()))(()(()())(())()())(((())(()))(()
28: (((()((((()()))())))(())()))
2: ()
4: (())
14: (()()(())(()))
2: ()
4: (())
2: ()
2: ()
2: ()
12: (((()()))())
4: (())
2: ()
12: ((()()()()))
6: ((()))
2: ()
58: (()(((())((()(())())((()))(()())()(())))
2: ()
6: (()())
8: ((()()))
6: ((()))
2: ()
2: ()
328: (()()()()(()((((()(())())((((((()(()())(
2: ()
126: (()((()()()((((()((())()((((())))((())))
2: ()
10: (((()())))
2: ()
40: ((((((())()()))))((()())())()()(()())())
64: ((())(()()((((())()(()))(())))(()())()((
2: ()
2: ()
8: ((()()))
4: (())
2: ()
2: ()
2: ()
2: ()
8: ((())())
2: ()
2: ()
2: ()
2: ()
2: ()
2: ()
4: (())
14: ((())()()()())
2: ()
2: ()
2: ()
2: ()
2: ()
2: ()
2: ()
2: ()
6: (()())
6: ((()))
2: ()
