# Marpa::R2 version is 2.079_009
# Libmarpa version is 5.179.109
t/00-load.t ............ ok

#   Failed test 'Aycock/Horspool AHFA'
#   at t/ah2.t line 156.
# +---+--------------------------+---+--------------------------+
# | Ln|Got                       | Ln|Expected                  |
# +---+--------------------------+---+--------------------------+
# |  1|'* S0:                    |  1|'* S0:                    |
# |  2|S[\'] -> . S              |  2|S[\'] -> . S              |
# |   |                          *  3| <S> => S2                *
# |  3|* S1: predict             |  4|* S1: predict             |
# |  4|S -> . A S[R0:1]          |  5|S -> . A S[R0:1]          |
# |  5|S -> . A A[] A[] A[]      |  6|S -> . A A[] A[] A[]      |
# +---+--------------------------+---+--------------------------+
# | 11|S[R0:2] -> . A A[]        | 12|S[R0:2] -> . A A[]        |
# | 12|S[R0:2] -> A[] . A        | 13|S[R0:2] -> A[] . A        |
# | 13|A -> . a                  | 14|A -> . a                  |
# |   |                          * 15| <A> => S3; S4            *
# |   |                          * 16| <S[R0:1]> => S6          *
# |   |                          * 17| <S[R0:2]> => S7          *
# |   |                          * 18| <a> => S5                *
# | 14|* S2:                     | 19|* S2:                     |
# |   |                          * 20|S[\'] -> S .              *
# |   |                          * 21|* S3:                     *
# | 15|S -> A . S[R0:1]          | 22|S -> A . S[R0:1]          |
# * 16|* S3: predict             * 23|S -> A A[] A[] A[] .      *
# |   |                          * 24|S[R0:1] -> A . S[R0:2]    *
# |   |                          * 25|S[R0:1] -> A A[] A[] .    *
# |   |                          * 26|S[R0:2] -> A . A          *
# |   |                          * 27|S[R0:2] -> A A[] .        *
# |   |                          * 28|S[R0:2] -> A[] A .        *
# |   |                          * 29| <A> => S8                *
# |   |                          * 30| <S[R0:1]> => S9          *
# |   |                          * 31| <S[R0:2]> => S10         *
# |   |                          * 32|* S4: predict             *
# | 17|S[R0:1] -> . A S[R0:2]    | 33|S[R0:1] -> . A S[R0:2]    |
# | 18|S[R0:1] -> . A A[] A[]    | 34|S[R0:1] -> . A A[] A[]    |
# | 19|S[R0:1] -> A[] . S[R0:2]  | 35|S[R0:1] -> A[] . S[R0:2]  |
# +---+--------------------------+---+--------------------------+
# | 21|S[R0:2] -> . A A[]        | 37|S[R0:2] -> . A A[]        |
# | 22|S[R0:2] -> A[] . A        | 38|S[R0:2] -> A[] . A        |
# | 23|A -> . a                  | 39|A -> . a                  |
# * 24|* S4:                     * 40| <A> => S11; S12          *
# * 25|S -> A S[R0:1] .          * 41| <S[R0:2]> => S7          *
# |   |                          * 42| <a> => S5                *
# | 26|* S5:                     | 43|* S5:                     |
# * 27|S -> A A[] A[] A[] .      * 44|A -> a .                  *
# | 28|* S6:                     | 45|* S6:                     |
# | 29|S -> A[] S[R0:1] .        | 46|S -> A[] S[R0:1] .        |
# | 30|* S7:                     | 47|* S7:                     |
# |   |                          * 48|S[R0:1] -> A[] S[R0:2] .  *
# |   |                          * 49|* S8:                     *
# |   |                          * 50|S[R0:2] -> A A .          *
# |   |                          * 51|* S9:                     *
# |   |                          * 52|S -> A S[R0:1] .          *
# |   |                          * 53|* S10:                    *
# |   |                          * 54|S[R0:1] -> A S[R0:2] .    *
# |   |                          * 55|* S11:                    *
# | 31|S[R0:1] -> A . S[R0:2]    | 56|S[R0:1] -> A . S[R0:2]    |
# * 32|* S8: predict             * 57|S[R0:1] -> A A[] A[] .    *
# |   |                          * 58|S[R0:2] -> A . A          *
# |   |                          * 59|S[R0:2] -> A A[] .        *
# |   |                          * 60|S[R0:2] -> A[] A .        *
# |   |                          * 61| <A> => S8                *
# |   |                          * 62| <S[R0:2]> => S10         *
# |   |                          * 63|* S12: predict            *
# | 33|S[R0:2] -> . A A          | 64|S[R0:2] -> . A A          |
# | 34|S[R0:2] -> . A A[]        | 65|S[R0:2] -> . A A[]        |
# | 35|S[R0:2] -> A[] . A        | 66|S[R0:2] -> A[] . A        |
# | 36|A -> . a                  | 67|A -> . a                  |
# * 37|* S9:                     * 68| <A> => S13; S14          *
# * 38|S[R0:1] -> A S[R0:2] .    * 69| <a> => S5                *
# * 39|* S10:                    * 70|* S13:                    *
# * 40|S[R0:1] -> A A[] A[] .    *   |                          |
# * 41|* S11:                    *   |                          |
# * 42|S[R0:1] -> A[] S[R0:2] .  *   |                          |
# * 43|* S12:                    *   |                          |
# | 44|S[R0:2] -> A . A          | 71|S[R0:2] -> A . A          |
# * 45|* S13: predict            *   |                          |
# * 46|A -> . a                  *   |                          |
# * 47|* S14:                    *   |                          |
# * 48|S[R0:2] -> A A .          *   |                          |
# * 49|* S15:                    *   |                          |
# | 50|S[R0:2] -> A A[] .        | 72|S[R0:2] -> A A[] .        |
# * 51|* S16:                    *   |                          |
# | 52|S[R0:2] -> A[] A .        | 73|S[R0:2] -> A[] A .        |
# * 53|* S17:                    * 74| <A> => S8                *
# * 54|A -> a .                  * 75|* S14: predict            *
# * 55|* S18:                    * 76|A -> . a                  *
# * 56|S[\'] -> S .              * 77| <a> => S5                *
# | 57|'                         | 78|'                         |
# +---+--------------------------+---+--------------------------+

#   Failed test 'Aycock/Horspool Parse Status at earleme 1'
#   at t/ah2.t line 288.
# +---+-----------------------------------------------------+---+--------------------------------------------------+
# | Ln|Got                                                  | Ln|Expected                                          |
# +---+-----------------------------------------------------+---+--------------------------------------------------+
# |  1|'Last Completed: 1; Furthest: 1                      |  1|'Last Completed: 1; Furthest: 1                   |
# |  2|Earley Set 0                                         |  2|Earley Set 0                                      |
# |  3|S0@0-0                                               |  3|S0@0-0                                            |
# |  4|S1@0-0                                               |  4|S1@0-0                                            |
# |  5|Earley Set 1                                         |  5|Earley Set 1                                      |
# *  6|S2@0-1 [p=S1@0-0; c=S17@0-1]                         *  6|S2@0-1 [p=S0@0-0; c=S3@0-1] [p=S0@0-0; c=S6@0-1]  *
# *  7|S5@0-1 [p=S1@0-0; c=S17@0-1]                         *  7|S3@0-1 [p=S1@0-0; c=S5@0-1]                       *
# *  8|S6@0-1 [p=S1@0-0; c=S10@0-1] [p=S1@0-0; c=S11@0-1]   *  8|S5@0-1 [p=S1@0-0; s=a; t=\\\'a\']                 *
# *  9|S7@0-1 [p=S1@0-0; c=S17@0-1]                         *  9|S6@0-1 [p=S1@0-0; c=S3@0-1] [p=S1@0-0; c=S7@0-1]  *
# * 10|S10@0-1 [p=S1@0-0; c=S17@0-1]                        * 10|S7@0-1 [p=S1@0-0; c=S3@0-1]                       *
# * 11|S11@0-1 [p=S1@0-0; c=S15@0-1] [p=S1@0-0; c=S16@0-1]  * 11|S4@1-1                                            *
# * 12|S12@0-1 [p=S1@0-0; c=S17@0-1]                        *   |                                                  |
# * 13|S15@0-1 [p=S1@0-0; c=S17@0-1]                        *   |                                                  |
# * 14|S16@0-1 [p=S1@0-0; c=S17@0-1]                        *   |                                                  |
# * 15|S17@0-1 [p=S1@0-0; s=a; t=\\\'a\']                   *   |                                                  |
# * 16|S18@0-1 [p=S0@0-0; c=S5@0-1] [p=S0@0-0; c=S6@0-1]    *   |                                                  |
# * 17|S3@1-1                                               *   |                                                  |
# * 18|S8@1-1                                               *   |                                                  |
# * 19|S13@1-1                                              *   |                                                  |
# | 20|'                                                    | 12|'                                                 |
# +---+-----------------------------------------------------+---+--------------------------------------------------+

#   Failed test 'Aycock/Horspool Parse Status at earleme 2'
#   at t/ah2.t line 288.
# +---+-------------------------------------------------------------------------------------------+---+---------------------------------------------------+
# | Ln|Got                                                                                        | Ln|Expected                                           |
# +---+-------------------------------------------------------------------------------------------+---+---------------------------------------------------+
# |  3|S0@0-0                                                                                     |  3|S0@0-0                                             |
# |  4|S1@0-0                                                                                     |  4|S1@0-0                                             |
# |  5|Earley Set 1                                                                               |  5|Earley Set 1                                       |
# *  6|S2@0-1 [p=S1@0-0; c=S17@0-1]                                                               *  6|S2@0-1 [p=S0@0-0; c=S3@0-1] [p=S0@0-0; c=S6@0-1]   *
# *  7|S5@0-1 [p=S1@0-0; c=S17@0-1]                                                               *  7|S3@0-1 [p=S1@0-0; c=S5@0-1]                        *
# *  8|S6@0-1 [p=S1@0-0; c=S10@0-1] [p=S1@0-0; c=S11@0-1]                                         *  8|S5@0-1 [p=S1@0-0; s=a; t=\\\'a\']                  *
# *  9|S7@0-1 [p=S1@0-0; c=S17@0-1]                                                               *  9|S6@0-1 [p=S1@0-0; c=S3@0-1] [p=S1@0-0; c=S7@0-1]   *
# * 10|S10@0-1 [p=S1@0-0; c=S17@0-1]                                                              * 10|S7@0-1 [p=S1@0-0; c=S3@0-1]                        *
# * 11|S11@0-1 [p=S1@0-0; c=S15@0-1] [p=S1@0-0; c=S16@0-1]                                        * 11|S4@1-1                                             *
# * 12|S12@0-1 [p=S1@0-0; c=S17@0-1]                                                              *   |                                                   |
# * 13|S15@0-1 [p=S1@0-0; c=S17@0-1]                                                              *   |                                                   |
# * 14|S16@0-1 [p=S1@0-0; c=S17@0-1]                                                              *   |                                                   |
# * 15|S17@0-1 [p=S1@0-0; s=a; t=\\\'a\']                                                         *   |                                                   |
# * 16|S18@0-1 [p=S0@0-0; c=S5@0-1] [p=S0@0-0; c=S6@0-1]                                          *   |                                                   |
# * 17|S3@1-1                                                                                     *   |                                                   |
# * 18|S8@1-1                                                                                     *   |                                                   |
# * 19|S13@1-1                                                                                    *   |                                                   |
# | 20|Earley Set 2                                                                               | 12|Earley Set 2                                       |
# * 21|S4@0-2 [p=S2@0-1; c=S10@1-2] [p=S2@0-1; c=S11@1-2]                                         * 13|S2@0-2 [p=S0@0-0; c=S6@0-2] [p=S0@0-0; c=S9@0-2]   *
# * 22|S6@0-2 [p=S1@0-0; c=S9@0-2] [p=S1@0-0; c=S11@0-2]                                          * 14|S6@0-2 [p=S1@0-0; c=S7@0-2] [p=S1@0-0; c=S10@0-2]  *
# * 23|S9@0-2 [p=S7@0-1; c=S15@1-2] [p=S7@0-1; c=S16@1-2]                                         * 15|S7@0-2 [p=S1@0-0; c=S8@0-2]                        *
# * 24|S11@0-2 [p=S1@0-0; c=S14@0-2]                                                              * 16|S8@0-2 [p=S3@0-1; c=S5@1-2]                        *
# * 25|S14@0-2 [p=S12@0-1; c=S17@1-2]                                                             * 17|S9@0-2 [p=S3@0-1; c=S7@1-2] [p=S3@0-1; c=S11@1-2]  *
# * 26|S18@0-2 [p=S0@0-0; c=S4@0-2] [p=S0@0-0; c=S6@0-2]                                          * 18|S10@0-2 [p=S3@0-1; c=S11@1-2]                      *
# * 27|S7@1-2 [p=S3@1-1; c=S17@1-2]                                                               * 19|S5@1-2 [p=S4@1-1; s=a; t=\\\'a\']                  *
# * 28|S10@1-2 [p=S3@1-1; c=S17@1-2]                                                              * 20|S7@1-2 [p=S4@1-1; c=S11@1-2]                       *
# * 29|S11@1-2 [p=S3@1-1; c=S15@1-2] [p=S3@1-1; c=S16@1-2]                                        * 21|S11@1-2 [p=S4@1-1; c=S5@1-2]                       *
# * 30|S12@1-2 [p=S3@1-1; c=S17@1-2] [p=S8@1-1; c=S17@1-2]                                        * 22|S12@2-2                                            *
# * 31|S15@1-2 [p=S3@1-1; c=S17@1-2] [p=S8@1-1; c=S17@1-2]                                        *   |                                                   |
# * 32|S16@1-2 [p=S3@1-1; c=S17@1-2] [p=S8@1-1; c=S17@1-2]                                        *   |                                                   |
# * 33|S17@1-2 [p=S3@1-1; s=a; t=\\\'a\'] [p=S8@1-1; s=a; t=\\\'a\'] [p=S13@1-1; s=a; t=\\\'a\']  *   |                                                   |
# * 34|S8@2-2                                                                                     *   |                                                   |
# * 35|S13@2-2                                                                                    *   |                                                   |
# | 36|'                                                                                          | 23|'                                                  |
# +---+-------------------------------------------------------------------------------------------+---+---------------------------------------------------+

#   Failed test 'Aycock/Horspool Parse Status at earleme 3'
#   at t/ah2.t line 288.
# +---+-------------------------------------------------------------------------------------------+---+---------------------------------------------------+
# | Ln|Got                                                                                        | Ln|Expected                                           |
# +---+-------------------------------------------------------------------------------------------+---+---------------------------------------------------+
# |  3|S0@0-0                                                                                     |  3|S0@0-0                                             |
# |  4|S1@0-0                                                                                     |  4|S1@0-0                                             |
# |  5|Earley Set 1                                                                               |  5|Earley Set 1                                       |
# *  6|S2@0-1 [p=S1@0-0; c=S17@0-1]                                                               *  6|S2@0-1 [p=S0@0-0; c=S3@0-1] [p=S0@0-0; c=S6@0-1]   *
# *  7|S5@0-1 [p=S1@0-0; c=S17@0-1]                                                               *  7|S3@0-1 [p=S1@0-0; c=S5@0-1]                        *
# *  8|S6@0-1 [p=S1@0-0; c=S10@0-1] [p=S1@0-0; c=S11@0-1]                                         *  8|S5@0-1 [p=S1@0-0; s=a; t=\\\'a\']                  *
# *  9|S7@0-1 [p=S1@0-0; c=S17@0-1]                                                               *  9|S6@0-1 [p=S1@0-0; c=S3@0-1] [p=S1@0-0; c=S7@0-1]   *
# * 10|S10@0-1 [p=S1@0-0; c=S17@0-1]                                                              * 10|S7@0-1 [p=S1@0-0; c=S3@0-1]                        *
# * 11|S11@0-1 [p=S1@0-0; c=S15@0-1] [p=S1@0-0; c=S16@0-1]                                        * 11|S4@1-1                                             *
# * 12|S12@0-1 [p=S1@0-0; c=S17@0-1]                                                              *   |                                                   |
# * 13|S15@0-1 [p=S1@0-0; c=S17@0-1]                                                              *   |                                                   |
# * 14|S16@0-1 [p=S1@0-0; c=S17@0-1]                                                              *   |                                                   |
# * 15|S17@0-1 [p=S1@0-0; s=a; t=\\\'a\']                                                         *   |                                                   |
# * 16|S18@0-1 [p=S0@0-0; c=S5@0-1] [p=S0@0-0; c=S6@0-1]                                          *   |                                                   |
# * 17|S3@1-1                                                                                     *   |                                                   |
# * 18|S8@1-1                                                                                     *   |                                                   |
# * 19|S13@1-1                                                                                    *   |                                                   |
# | 20|Earley Set 2                                                                               | 12|Earley Set 2                                       |
# * 21|S4@0-2 [p=S2@0-1; c=S10@1-2] [p=S2@0-1; c=S11@1-2]                                         * 13|S2@0-2 [p=S0@0-0; c=S6@0-2] [p=S0@0-0; c=S9@0-2]   *
# * 22|S6@0-2 [p=S1@0-0; c=S9@0-2] [p=S1@0-0; c=S11@0-2]                                          * 14|S6@0-2 [p=S1@0-0; c=S7@0-2] [p=S1@0-0; c=S10@0-2]  *
# * 23|S9@0-2 [p=S7@0-1; c=S15@1-2] [p=S7@0-1; c=S16@1-2]                                         * 15|S7@0-2 [p=S1@0-0; c=S8@0-2]                        *
# * 24|S11@0-2 [p=S1@0-0; c=S14@0-2]                                                              * 16|S8@0-2 [p=S3@0-1; c=S5@1-2]                        *
# * 25|S14@0-2 [p=S12@0-1; c=S17@1-2]                                                             * 17|S9@0-2 [p=S3@0-1; c=S7@1-2] [p=S3@0-1; c=S11@1-2]  *
# * 26|S18@0-2 [p=S0@0-0; c=S4@0-2] [p=S0@0-0; c=S6@0-2]                                          * 18|S10@0-2 [p=S3@0-1; c=S11@1-2]                      *
# * 27|S7@1-2 [p=S3@1-1; c=S17@1-2]                                                               * 19|S5@1-2 [p=S4@1-1; s=a; t=\\\'a\']                  *
# * 28|S10@1-2 [p=S3@1-1; c=S17@1-2]                                                              * 20|S7@1-2 [p=S4@1-1; c=S11@1-2]                       *
# * 29|S11@1-2 [p=S3@1-1; c=S15@1-2] [p=S3@1-1; c=S16@1-2]                                        * 21|S11@1-2 [p=S4@1-1; c=S5@1-2]                       *
# * 30|S12@1-2 [p=S3@1-1; c=S17@1-2] [p=S8@1-1; c=S17@1-2]                                        * 22|S12@2-2                                            *
# * 31|S15@1-2 [p=S3@1-1; c=S17@1-2] [p=S8@1-1; c=S17@1-2]                                        *   |                                                   |
# * 32|S16@1-2 [p=S3@1-1; c=S17@1-2] [p=S8@1-1; c=S17@1-2]                                        *   |                                                   |
# * 33|S17@1-2 [p=S3@1-1; s=a; t=\\\'a\'] [p=S8@1-1; s=a; t=\\\'a\'] [p=S13@1-1; s=a; t=\\\'a\']  *   |                                                   |
# * 34|S8@2-2                                                                                     *   |                                                   |
# * 35|S13@2-2                                                                                    *   |                                                   |
# | 36|Earley Set 3                                                                               | 23|Earley Set 3                                       |
# * 37|S4@0-3 [p=S2@0-1; c=S9@1-3] [p=S2@0-1; c=S11@1-3]                                          * 24|S2@0-3 [p=S0@0-0; c=S6@0-3] [p=S0@0-0; c=S9@0-3]   *
# * 38|S6@0-3 [p=S1@0-0; c=S9@0-3]                                                                * 25|S6@0-3 [p=S1@0-0; c=S10@0-3]                       *
# * 39|S9@0-3 [p=S7@0-1; c=S14@1-3]                                                               * 26|S9@0-3 [p=S3@0-1; c=S7@1-3] [p=S3@0-1; c=S10@1-3]  *
# * 40|S18@0-3 [p=S0@0-0; c=S4@0-3] [p=S0@0-0; c=S6@0-3]                                          * 27|S10@0-3 [p=S3@0-1; c=S8@1-3]                       *
# * 41|S9@1-3 [p=S7@1-2; c=S15@2-3] [p=S7@1-2; c=S16@2-3]                                         * 28|S7@1-3 [p=S4@1-1; c=S8@1-3]                        *
# * 42|S11@1-3 [p=S3@1-1; c=S14@1-3]                                                              * 29|S8@1-3 [p=S11@1-2; c=S5@2-3]                       *
# * 43|S14@1-3 [p=S12@1-2; c=S17@2-3]                                                             * 30|S10@1-3 [p=S11@1-2; c=S13@2-3]                     *
# * 44|S12@2-3 [p=S8@2-2; c=S17@2-3]                                                              * 31|S5@2-3 [p=S12@2-2; s=a; t=\\\'a\']                 *
# * 45|S15@2-3 [p=S8@2-2; c=S17@2-3]                                                              * 32|S13@2-3 [p=S12@2-2; c=S5@2-3]                      *
# * 46|S16@2-3 [p=S8@2-2; c=S17@2-3]                                                              * 33|S14@3-3                                            *
# * 47|S17@2-3 [p=S8@2-2; s=a; t=\\\'a\'] [p=S13@2-2; s=a; t=\\\'a\']                             *   |                                                   |
# * 48|S13@3-3                                                                                    *   |                                                   |
# | 49|'                                                                                          | 34|'                                                  |
# +---+-------------------------------------------------------------------------------------------+---+---------------------------------------------------+

#   Failed test 'Aycock/Horspool Parse Status at earleme 4'
#   at t/ah2.t line 288.
# +---+-------------------------------------------------------------------------------------------+---+---------------------------------------------------+
# | Ln|Got                                                                                        | Ln|Expected                                           |
# +---+-------------------------------------------------------------------------------------------+---+---------------------------------------------------+
# |  3|S0@0-0                                                                                     |  3|S0@0-0                                             |
# |  4|S1@0-0                                                                                     |  4|S1@0-0                                             |
# |  5|Earley Set 1                                                                               |  5|Earley Set 1                                       |
# *  6|S2@0-1 [p=S1@0-0; c=S17@0-1]                                                               *  6|S2@0-1 [p=S0@0-0; c=S3@0-1] [p=S0@0-0; c=S6@0-1]   *
# *  7|S5@0-1 [p=S1@0-0; c=S17@0-1]                                                               *  7|S3@0-1 [p=S1@0-0; c=S5@0-1]                        *
# *  8|S6@0-1 [p=S1@0-0; c=S10@0-1] [p=S1@0-0; c=S11@0-1]                                         *  8|S5@0-1 [p=S1@0-0; s=a; t=\\\'a\']                  *
# *  9|S7@0-1 [p=S1@0-0; c=S17@0-1]                                                               *  9|S6@0-1 [p=S1@0-0; c=S3@0-1] [p=S1@0-0; c=S7@0-1]   *
# * 10|S10@0-1 [p=S1@0-0; c=S17@0-1]                                                              * 10|S7@0-1 [p=S1@0-0; c=S3@0-1]                        *
# * 11|S11@0-1 [p=S1@0-0; c=S15@0-1] [p=S1@0-0; c=S16@0-1]                                        * 11|S4@1-1                                             *
# * 12|S12@0-1 [p=S1@0-0; c=S17@0-1]                                                              *   |                                                   |
# * 13|S15@0-1 [p=S1@0-0; c=S17@0-1]                                                              *   |                                                   |
# * 14|S16@0-1 [p=S1@0-0; c=S17@0-1]                                                              *   |                                                   |
# * 15|S17@0-1 [p=S1@0-0; s=a; t=\\\'a\']                                                         *   |                                                   |
# * 16|S18@0-1 [p=S0@0-0; c=S5@0-1] [p=S0@0-0; c=S6@0-1]                                          *   |                                                   |
# * 17|S3@1-1                                                                                     *   |                                                   |
# * 18|S8@1-1                                                                                     *   |                                                   |
# * 19|S13@1-1                                                                                    *   |                                                   |
# | 20|Earley Set 2                                                                               | 12|Earley Set 2                                       |
# * 21|S4@0-2 [p=S2@0-1; c=S10@1-2] [p=S2@0-1; c=S11@1-2]                                         * 13|S2@0-2 [p=S0@0-0; c=S6@0-2] [p=S0@0-0; c=S9@0-2]   *
# * 22|S6@0-2 [p=S1@0-0; c=S9@0-2] [p=S1@0-0; c=S11@0-2]                                          * 14|S6@0-2 [p=S1@0-0; c=S7@0-2] [p=S1@0-0; c=S10@0-2]  *
# * 23|S9@0-2 [p=S7@0-1; c=S15@1-2] [p=S7@0-1; c=S16@1-2]                                         * 15|S7@0-2 [p=S1@0-0; c=S8@0-2]                        *
# * 24|S11@0-2 [p=S1@0-0; c=S14@0-2]                                                              * 16|S8@0-2 [p=S3@0-1; c=S5@1-2]                        *
# * 25|S14@0-2 [p=S12@0-1; c=S17@1-2]                                                             * 17|S9@0-2 [p=S3@0-1; c=S7@1-2] [p=S3@0-1; c=S11@1-2]  *
# * 26|S18@0-2 [p=S0@0-0; c=S4@0-2] [p=S0@0-0; c=S6@0-2]                                          * 18|S10@0-2 [p=S3@0-1; c=S11@1-2]                      *
# * 27|S7@1-2 [p=S3@1-1; c=S17@1-2]                                                               * 19|S5@1-2 [p=S4@1-1; s=a; t=\\\'a\']                  *
# * 28|S10@1-2 [p=S3@1-1; c=S17@1-2]                                                              * 20|S7@1-2 [p=S4@1-1; c=S11@1-2]                       *
# * 29|S11@1-2 [p=S3@1-1; c=S15@1-2] [p=S3@1-1; c=S16@1-2]                                        * 21|S11@1-2 [p=S4@1-1; c=S5@1-2]                       *
# * 30|S12@1-2 [p=S3@1-1; c=S17@1-2] [p=S8@1-1; c=S17@1-2]                                        * 22|S12@2-2                                            *
# * 31|S15@1-2 [p=S3@1-1; c=S17@1-2] [p=S8@1-1; c=S17@1-2]                                        *   |                                                   |
# * 32|S16@1-2 [p=S3@1-1; c=S17@1-2] [p=S8@1-1; c=S17@1-2]                                        *   |                                                   |
# * 33|S17@1-2 [p=S3@1-1; s=a; t=\\\'a\'] [p=S8@1-1; s=a; t=\\\'a\'] [p=S13@1-1; s=a; t=\\\'a\']  *   |                                                   |
# * 34|S8@2-2                                                                                     *   |                                                   |
# * 35|S13@2-2                                                                                    *   |                                                   |
# | 36|Earley Set 3                                                                               | 23|Earley Set 3                                       |
# * 37|S4@0-3 [p=S2@0-1; c=S9@1-3] [p=S2@0-1; c=S11@1-3]                                          * 24|S2@0-3 [p=S0@0-0; c=S6@0-3] [p=S0@0-0; c=S9@0-3]   *
# * 38|S6@0-3 [p=S1@0-0; c=S9@0-3]                                                                * 25|S6@0-3 [p=S1@0-0; c=S10@0-3]                       *
# * 39|S9@0-3 [p=S7@0-1; c=S14@1-3]                                                               * 26|S9@0-3 [p=S3@0-1; c=S7@1-3] [p=S3@0-1; c=S10@1-3]  *
# * 40|S18@0-3 [p=S0@0-0; c=S4@0-3] [p=S0@0-0; c=S6@0-3]                                          * 27|S10@0-3 [p=S3@0-1; c=S8@1-3]                       *
# * 41|S9@1-3 [p=S7@1-2; c=S15@2-3] [p=S7@1-2; c=S16@2-3]                                         * 28|S7@1-3 [p=S4@1-1; c=S8@1-3]                        *
# * 42|S11@1-3 [p=S3@1-1; c=S14@1-3]                                                              * 29|S8@1-3 [p=S11@1-2; c=S5@2-3]                       *
# * 43|S14@1-3 [p=S12@1-2; c=S17@2-3]                                                             * 30|S10@1-3 [p=S11@1-2; c=S13@2-3]                     *
# * 44|S12@2-3 [p=S8@2-2; c=S17@2-3]                                                              * 31|S5@2-3 [p=S12@2-2; s=a; t=\\\'a\']                 *
# * 45|S15@2-3 [p=S8@2-2; c=S17@2-3]                                                              * 32|S13@2-3 [p=S12@2-2; c=S5@2-3]                      *
# * 46|S16@2-3 [p=S8@2-2; c=S17@2-3]                                                              * 33|S14@3-3                                            *
# * 47|S17@2-3 [p=S8@2-2; s=a; t=\\\'a\'] [p=S13@2-2; s=a; t=\\\'a\']                             *   |                                                   |
# * 48|S13@3-3                                                                                    *   |                                                   |
# | 49|Earley Set 4                                                                               | 34|Earley Set 4                                       |
# * 50|S4@0-4 [p=S2@0-1; c=S9@1-4]                                                                * 35|S2@0-4 [p=S0@0-0; c=S9@0-4]                        *
# * 51|S18@0-4 [p=S0@0-0; c=S4@0-4]                                                               * 36|S9@0-4 [p=S3@0-1; c=S10@1-4]                       *
# * 52|S9@1-4 [p=S7@1-2; c=S14@2-4]                                                               * 37|S10@1-4 [p=S11@1-2; c=S8@2-4]                      *
# * 53|S14@2-4 [p=S12@2-3; c=S17@3-4]                                                             * 38|S8@2-4 [p=S13@2-3; c=S5@3-4]                       *
# * 54|S17@3-4 [p=S13@3-3; s=a; t=\\\'a\']                                                        * 39|S5@3-4 [p=S14@3-3; s=a; t=\\\'a\']                 *
# | 55|'                                                                                          | 40|'                                                  |
# +---+-------------------------------------------------------------------------------------------+---+---------------------------------------------------+

#   Failed test 'Aycock/Horspool Parse Status at earleme 5'
#   at t/ah2.t line 288.
# +---+-------------------------------------------------------------------------------------------+---+---------------------------------------------------+
# | Ln|Got                                                                                        | Ln|Expected                                           |
# +---+-------------------------------------------------------------------------------------------+---+---------------------------------------------------+
# |  3|S0@0-0                                                                                     |  3|S0@0-0                                             |
# |  4|S1@0-0                                                                                     |  4|S1@0-0                                             |
# |  5|Earley Set 1                                                                               |  5|Earley Set 1                                       |
# *  6|S2@0-1 [p=S1@0-0; c=S17@0-1]                                                               *  6|S2@0-1 [p=S0@0-0; c=S3@0-1] [p=S0@0-0; c=S6@0-1]   *
# *  7|S5@0-1 [p=S1@0-0; c=S17@0-1]                                                               *  7|S3@0-1 [p=S1@0-0; c=S5@0-1]                        *
# *  8|S6@0-1 [p=S1@0-0; c=S10@0-1] [p=S1@0-0; c=S11@0-1]                                         *  8|S5@0-1 [p=S1@0-0; s=a; t=\\\'a\']                  *
# *  9|S7@0-1 [p=S1@0-0; c=S17@0-1]                                                               *  9|S6@0-1 [p=S1@0-0; c=S3@0-1] [p=S1@0-0; c=S7@0-1]   *
# * 10|S10@0-1 [p=S1@0-0; c=S17@0-1]                                                              * 10|S7@0-1 [p=S1@0-0; c=S3@0-1]                        *
# * 11|S11@0-1 [p=S1@0-0; c=S15@0-1] [p=S1@0-0; c=S16@0-1]                                        * 11|S4@1-1                                             *
# * 12|S12@0-1 [p=S1@0-0; c=S17@0-1]                                                              *   |                                                   |
# * 13|S15@0-1 [p=S1@0-0; c=S17@0-1]                                                              *   |                                                   |
# * 14|S16@0-1 [p=S1@0-0; c=S17@0-1]                                                              *   |                                                   |
# * 15|S17@0-1 [p=S1@0-0; s=a; t=\\\'a\']                                                         *   |                                                   |
# * 16|S18@0-1 [p=S0@0-0; c=S5@0-1] [p=S0@0-0; c=S6@0-1]                                          *   |                                                   |
# * 17|S3@1-1                                                                                     *   |                                                   |
# * 18|S8@1-1                                                                                     *   |                                                   |
# * 19|S13@1-1                                                                                    *   |                                                   |
# | 20|Earley Set 2                                                                               | 12|Earley Set 2                                       |
# * 21|S4@0-2 [p=S2@0-1; c=S10@1-2] [p=S2@0-1; c=S11@1-2]                                         * 13|S2@0-2 [p=S0@0-0; c=S6@0-2] [p=S0@0-0; c=S9@0-2]   *
# * 22|S6@0-2 [p=S1@0-0; c=S9@0-2] [p=S1@0-0; c=S11@0-2]                                          * 14|S6@0-2 [p=S1@0-0; c=S7@0-2] [p=S1@0-0; c=S10@0-2]  *
# * 23|S9@0-2 [p=S7@0-1; c=S15@1-2] [p=S7@0-1; c=S16@1-2]                                         * 15|S7@0-2 [p=S1@0-0; c=S8@0-2]                        *
# * 24|S11@0-2 [p=S1@0-0; c=S14@0-2]                                                              * 16|S8@0-2 [p=S3@0-1; c=S5@1-2]                        *
# * 25|S14@0-2 [p=S12@0-1; c=S17@1-2]                                                             * 17|S9@0-2 [p=S3@0-1; c=S7@1-2] [p=S3@0-1; c=S11@1-2]  *
# * 26|S18@0-2 [p=S0@0-0; c=S4@0-2] [p=S0@0-0; c=S6@0-2]                                          * 18|S10@0-2 [p=S3@0-1; c=S11@1-2]                      *
# * 27|S7@1-2 [p=S3@1-1; c=S17@1-2]                                                               * 19|S5@1-2 [p=S4@1-1; s=a; t=\\\'a\']                  *
# * 28|S10@1-2 [p=S3@1-1; c=S17@1-2]                                                              * 20|S7@1-2 [p=S4@1-1; c=S11@1-2]                       *
# * 29|S11@1-2 [p=S3@1-1; c=S15@1-2] [p=S3@1-1; c=S16@1-2]                                        * 21|S11@1-2 [p=S4@1-1; c=S5@1-2]                       *
# * 30|S12@1-2 [p=S3@1-1; c=S17@1-2] [p=S8@1-1; c=S17@1-2]                                        * 22|S12@2-2                                            *
# * 31|S15@1-2 [p=S3@1-1; c=S17@1-2] [p=S8@1-1; c=S17@1-2]                                        *   |                                                   |
# * 32|S16@1-2 [p=S3@1-1; c=S17@1-2] [p=S8@1-1; c=S17@1-2]                                        *   |                                                   |
# * 33|S17@1-2 [p=S3@1-1; s=a; t=\\\'a\'] [p=S8@1-1; s=a; t=\\\'a\'] [p=S13@1-1; s=a; t=\\\'a\']  *   |                                                   |
# * 34|S8@2-2                                                                                     *   |                                                   |
# * 35|S13@2-2                                                                                    *   |                                                   |
# | 36|Earley Set 3                                                                               | 23|Earley Set 3                                       |
# * 37|S4@0-3 [p=S2@0-1; c=S9@1-3] [p=S2@0-1; c=S11@1-3]                                          * 24|S2@0-3 [p=S0@0-0; c=S6@0-3] [p=S0@0-0; c=S9@0-3]   *
# * 38|S6@0-3 [p=S1@0-0; c=S9@0-3]                                                                * 25|S6@0-3 [p=S1@0-0; c=S10@0-3]                       *
# * 39|S9@0-3 [p=S7@0-1; c=S14@1-3]                                                               * 26|S9@0-3 [p=S3@0-1; c=S7@1-3] [p=S3@0-1; c=S10@1-3]  *
# * 40|S18@0-3 [p=S0@0-0; c=S4@0-3] [p=S0@0-0; c=S6@0-3]                                          * 27|S10@0-3 [p=S3@0-1; c=S8@1-3]                       *
# * 41|S9@1-3 [p=S7@1-2; c=S15@2-3] [p=S7@1-2; c=S16@2-3]                                         * 28|S7@1-3 [p=S4@1-1; c=S8@1-3]                        *
# * 42|S11@1-3 [p=S3@1-1; c=S14@1-3]                                                              * 29|S8@1-3 [p=S11@1-2; c=S5@2-3]                       *
# * 43|S14@1-3 [p=S12@1-2; c=S17@2-3]                                                             * 30|S10@1-3 [p=S11@1-2; c=S13@2-3]                     *
# * 44|S12@2-3 [p=S8@2-2; c=S17@2-3]                                                              * 31|S5@2-3 [p=S12@2-2; s=a; t=\\\'a\']                 *
# * 45|S15@2-3 [p=S8@2-2; c=S17@2-3]                                                              * 32|S13@2-3 [p=S12@2-2; c=S5@2-3]                      *
# * 46|S16@2-3 [p=S8@2-2; c=S17@2-3]                                                              * 33|S14@3-3                                            *
# * 47|S17@2-3 [p=S8@2-2; s=a; t=\\\'a\'] [p=S13@2-2; s=a; t=\\\'a\']                             *   |                                                   |
# * 48|S13@3-3                                                                                    *   |                                                   |
# | 49|Earley Set 4                                                                               | 34|Earley Set 4                                       |
# * 50|S4@0-4 [p=S2@0-1; c=S9@1-4]                                                                * 35|S2@0-4 [p=S0@0-0; c=S9@0-4]                        *
# * 51|S18@0-4 [p=S0@0-0; c=S4@0-4]                                                               * 36|S9@0-4 [p=S3@0-1; c=S10@1-4]                       *
# * 52|S9@1-4 [p=S7@1-2; c=S14@2-4]                                                               * 37|S10@1-4 [p=S11@1-2; c=S8@2-4]                      *
# * 53|S14@2-4 [p=S12@2-3; c=S17@3-4]                                                             * 38|S8@2-4 [p=S13@2-3; c=S5@3-4]                       *
# * 54|S17@3-4 [p=S13@3-3; s=a; t=\\\'a\']                                                        * 39|S5@3-4 [p=S14@3-3; s=a; t=\\\'a\']                 *
# | 55|'                                                                                          | 40|'                                                  |
# +---+-------------------------------------------------------------------------------------------+---+---------------------------------------------------+
# Looks like you failed 6 tests of 30.
t/ah2.t ................ 
Dubious, test returned 6 (wstat 1536, 0x600)
Failed 6/30 subtests 
t/ah_numeric.t ......... ok
t/asf_syn.t ............ ok
t/balanced.t ........... ok
t/bocage.t ............. ok
t/catalan.t ............ ok
t/chaf.t ............... ok
t/code_diag.t .......... ok
t/context.t ............ ok
t/counter.t ............ ok
t/curly.t .............. ok
t/curly2.t ............. ok
t/debug.t .............. ok
t/debug_leo.t .......... ok
t/debug_seq.t .......... ok
t/deprecated1.t ........ ok
t/dsl.t ................ ok
t/duplicate_parse.t .... ok
t/equation.t ........... ok
t/final_nonnullable.t .. ok
t/gabend.t ............. ok
t/implementation.t ..... ok
t/infinite.t ........... ok
t/infinite2.t .......... ok
t/infinite_plex.t ...... ok
t/initial_nulls.t ...... ok
t/jirotka.t ............ ok
t/leo.t ................ ok
t/leo2.t ............... ok
t/leo3.t ............... ok
t/leo_cycle.t .......... ok
t/leo_example.t ........ ok
t/leo_unit.t ........... ok
t/limits.t ............. ok
t/minus.t .............. ok
t/naif.t ............... ok
t/null_example.t ....... ok
t/null_infinite1.t ..... ok
t/null_infinite4.t ..... ok
t/null_value.t ......... ok
t/pascal.t ............. ok
t/rabend.t ............. ok
t/randal.t ............. ok
t/rewrite.t ............ ok
t/sequence.t ........... ok
t/sequence2.t .......... ok
t/sl_action.t .......... ok
t/sl_action2.t ......... ok
t/sl_advent.t .......... ok
t/sl_ah2.t ............. ok
t/sl_ambig.t ........... ok
t/sl_ast.t ............. ok
t/sl_astsyn.t .......... ok
t/sl_calc.t ............ ok
t/sl_completed.t ....... ok
t/sl_debug.t ........... ok
t/sl_diag.t ............ ok
t/sl_dsl.t ............. ok
t/sl_durand.t .......... ok
t/sl_dyck.t ............ ok
t/sl_event.t ........... ok
t/sl_exhaust.t ......... ok
t/sl_external1.t ....... ok
t/sl_fullsyn.t ......... ok
t/sl_gia.t ............. ok
t/sl_gia_err.t ......... ok
t/sl_gie.t ............. ok
t/sl_gif1.t ............ ok
t/sl_gsyn.t ............ ok
t/sl_json.t ............ ok
t/sl_leo.t ............. ok
t/sl_leo2.t ............ ok
t/sl_lexevent.t ........ ok
t/sl_null_example.t .... ok
t/sl_numeric.t ......... ok
t/sl_panda.t ........... ok
t/sl_pascal.t .......... ok
t/sl_prefix.t .......... ok
t/sl_rank.t ............ ok
t/sl_syn.t ............. ok
t/sl_taint.t ........... ok
t/sl_timeflies.t ....... ok
t/sl_topsyn.t .......... ok
t/sl_wall.t ............ ok
t/stuifzand.t .......... ok
t/syn_engine.t ......... ok
t/syn_stuifzand.t ...... ok
t/thin_eq.t ............ ok
t/timeflies.t .......... ok
t/use.t ................ ok
# Using Marpa::R2::HTML 2.079009
# Using Marpa::R2 2.079009 2014-01-15T11:44:24
html/t/00-load.t ....... ok
html/t/cfg_fmt.t ....... ok
html/t/config.t ........ ok
html/t/copy.t .......... ok
html/t/examples.t ...... ok
html/t/fmt.t ........... ok
html/t/missing.t ....... ok
html/t/parse.t ......... ok
html/t/score.t ......... ok
html/t/synopsis.t ...... ok
html/t/tang.t .......... ok

Test Summary Report
-------------------
t/ah2.t              (Wstat: 1536 Tests: 30 Failed: 6)
  Failed tests:  8, 10-14
  Non-zero exit status: 6
Files=102, Tests=963, 46 wallclock secs ( 0.77 usr  0.31 sys + 42.61 cusr  2.31 csys = 46.00 CPU)
Result: FAIL
Failed 1/102 test programs. 6/963 subtests failed.
